  aes.c
  aesni.c
  arc4.c
  aria.c
  asn1parse.c
  asn1write.c
  base64.c
  bignum.c
  blowfish.c
  camellia.c
  ccm.c
  chacha20.c
  chachapoly.c
  cipher.c
  cipher_wrap.c
  cmac.c
  ctr_drbg.c
  des.c
  dhm.c
  ecdh.c
  Generating Code...
  Compiling...
  ecdsa.c
  ecjpake.c
  ecp.c
  ecp_curves.c
  error.c
  gcm.c
  havege.c
  hkdf.c
  hmac_drbg.c
  md.c
  md2.c
  md4.c
  md5.c
  memory_buffer_alloc.c
  nist_kw.c
  oid.c
  padlock.c
  pem.c
  pk.c
  pkcs12.c
  Generating Code...
  Compiling...
  pkcs5.c
  pkparse.c
  pkwrite.c
  pk_wrap.c
  platform.c
  platform_util.c
  poly1305.c
  ripemd160.c
  rsa.c
  rsa_internal.c
  sha1.c
  sha256.c
  sha512.c
  threading.c
  timing.c
  version.c
  version_features.c
  xtea.c
  boot_security.c
  hal_timer.c
  Generating Code...
  Compiling...
  simulation.c
  boot.c
  Generating Code...
  MainForm.cpp
  .NETFramework,Version=v4.5.2.AssemblyAttributes.cpp
  Generating Code...
  MainForm.obj : /DEBUG:FASTLINK is not supported when managed code is present; restarting link with /DEBUG:FULL
  MainForm.obj : MSIL module encountered; incremental linking is disabled for MSIL; performing full link
  psa-boot.vcxproj -> C:\Users\Kübra\psa-boot-beta\projects\vs\Debug\psa-boot.exe
